<?xml version="1.0" encoding="UTF-8"?>
<robot generator="Robot 3.2.2 (Python 3.9.0 on win32)" generated="20210120 21:50:44.622" rpa="false">
<suite id="s1" name="Exercice Problem User" source="C:\Epsi\script\Robot_Framework\robot\tests\exercice_problem_user.robot">
<test id="s1-t1" name="Exercice 1">
<kw name="Open Browser" library="SeleniumLibrary">
<doc>Opens a new browser instance to the optional ``url``.</doc>
<arguments>
<arg>https://www.saucedemo.com/</arg>
</arguments>
<msg timestamp="20210120 21:50:44.780" level="INFO">Opening browser 'firefox' to base url 'https://www.saucedemo.com/'.</msg>
<msg timestamp="20210120 21:50:44.783" level="INFO">Firefox driver log is always forced to to: C:\Epsi\script\Robot_Framework\robot\results\geckodriver-32.log</msg>
<status status="PASS" starttime="20210120 21:50:44.780" endtime="20210120 21:50:50.016"></status>
</kw>
<kw name="Wait Until Element Is Visible" library="SeleniumLibrary">
<doc>Waits until the element ``locator`` is visible.</doc>
<arguments>
<arg>tag=form</arg>
</arguments>
<status status="PASS" starttime="20210120 21:50:50.017" endtime="20210120 21:50:50.038"></status>
</kw>
<kw name="Input Text" library="SeleniumLibrary">
<doc>Types the given ``text`` into the text field identified by ``locator``.</doc>
<arguments>
<arg>id=user-name</arg>
<arg>problem_user</arg>
</arguments>
<msg timestamp="20210120 21:50:50.040" level="INFO">Typing text 'problem_user' into text field 'id=user-name'.</msg>
<status status="PASS" starttime="20210120 21:50:50.039" endtime="20210120 21:50:50.077"></status>
</kw>
<kw name="Input Text" library="SeleniumLibrary">
<doc>Types the given ``text`` into the text field identified by ``locator``.</doc>
<arguments>
<arg>id=password</arg>
<arg>secret_sauce</arg>
</arguments>
<msg timestamp="20210120 21:50:50.078" level="INFO">Typing text 'secret_sauce' into text field 'id=password'.</msg>
<status status="PASS" starttime="20210120 21:50:50.077" endtime="20210120 21:50:50.105"></status>
</kw>
<kw name="Click Button" library="SeleniumLibrary">
<doc>Clicks the button identified by ``locator``.</doc>
<arguments>
<arg>id=login-button</arg>
</arguments>
<msg timestamp="20210120 21:50:50.106" level="INFO">Clicking button 'id=login-button'.</msg>
<status status="PASS" starttime="20210120 21:50:50.105" endtime="20210120 21:50:50.297"></status>
</kw>
<kw name="Wait Until Page Contains Element" library="SeleniumLibrary">
<doc>Waits until the element ``locator`` appears on the current page.</doc>
<arguments>
<arg>class=peek</arg>
</arguments>
<status status="PASS" starttime="20210120 21:50:50.298" endtime="20210120 21:50:50.300"></status>
</kw>
<doc>Test Connexion au site https://www.saucedemo.com/ avec le problem user</doc>
<status status="PASS" starttime="20210120 21:50:44.779" endtime="20210120 21:50:50.301" critical="yes"></status>
</test>
<test id="s1-t2" name="Exercice 2">
<kw name="Click Button" library="SeleniumLibrary">
<doc>Clicks the button identified by ``locator``.</doc>
<arguments>
<arg>class=btn_primary</arg>
</arguments>
<msg timestamp="20210120 21:50:50.303" level="INFO">Clicking button 'class=btn_primary'.</msg>
<status status="PASS" starttime="20210120 21:50:50.303" endtime="20210120 21:50:50.549"></status>
</kw>
<kw name="Click Button" library="SeleniumLibrary">
<doc>Clicks the button identified by ``locator``.</doc>
<arguments>
<arg>class=btn_primary</arg>
</arguments>
<msg timestamp="20210120 21:50:50.550" level="INFO">Clicking button 'class=btn_primary'.</msg>
<status status="PASS" starttime="20210120 21:50:50.550" endtime="20210120 21:50:50.780"></status>
</kw>
<kw name="Click Button" library="SeleniumLibrary">
<doc>Clicks the button identified by ``locator``.</doc>
<arguments>
<arg>class=btn_primary</arg>
</arguments>
<msg timestamp="20210120 21:50:50.781" level="INFO">Clicking button 'class=btn_primary'.</msg>
<status status="PASS" starttime="20210120 21:50:50.781" endtime="20210120 21:50:51.027"></status>
</kw>
<kw name="Click Button" library="SeleniumLibrary">
<doc>Clicks the button identified by ``locator``.</doc>
<arguments>
<arg>class=btn_primary</arg>
</arguments>
<msg timestamp="20210120 21:50:51.029" level="INFO">Clicking button 'class=btn_primary'.</msg>
<status status="PASS" starttime="20210120 21:50:51.028" endtime="20210120 21:50:51.262"></status>
</kw>
<kw name="Click Button" library="SeleniumLibrary">
<doc>Clicks the button identified by ``locator``.</doc>
<arguments>
<arg>class=btn_primary</arg>
</arguments>
<msg timestamp="20210120 21:50:51.263" level="INFO">Clicking button 'class=btn_primary'.</msg>
<status status="PASS" starttime="20210120 21:50:51.262" endtime="20210120 21:50:51.491"></status>
</kw>
<kw name="Click Button" library="SeleniumLibrary">
<doc>Clicks the button identified by ``locator``.</doc>
<arguments>
<arg>class=btn_primary</arg>
</arguments>
<msg timestamp="20210120 21:50:51.492" level="INFO">Clicking button 'class=btn_primary'.</msg>
<status status="PASS" starttime="20210120 21:50:51.492" endtime="20210120 21:50:51.754"></status>
</kw>
<doc>Test Ajout des marchandises dans le panier</doc>
<status status="PASS" starttime="20210120 21:50:50.302" endtime="20210120 21:50:51.755" critical="yes"></status>
</test>
<test id="s1-t3" name="Execice 3">
<kw name="Click Element" library="SeleniumLibrary">
<doc>Click the element identified by ``locator``.</doc>
<arguments>
<arg>class=fa-shopping-cart</arg>
</arguments>
<msg timestamp="20210120 21:50:51.763" level="INFO">Clicking element 'class=fa-shopping-cart'.</msg>
<status status="PASS" starttime="20210120 21:50:51.762" endtime="20210120 21:50:52.042"></status>
</kw>
<doc>Test Click panier</doc>
<status status="PASS" starttime="20210120 21:50:51.760" endtime="20210120 21:50:52.042" critical="yes"></status>
</test>
<test id="s1-t4" name="Execice 4">
<kw name="Get Element Count" library="SeleniumLibrary">
<doc>Returns the number of elements matching ``locator``.</doc>
<arguments>
<arg>class=inventory_item_name</arg>
</arguments>
<assign>
<var>${count}</var>
</assign>
<msg timestamp="20210120 21:50:52.046" level="INFO">${count} = 2</msg>
<status status="PASS" starttime="20210120 21:50:52.044" endtime="20210120 21:50:52.046"></status>
</kw>
<kw name="Run Keyword If" library="BuiltIn">
<doc>Runs the given keyword with the given arguments, if ``condition`` is true.</doc>
<arguments>
<arg>${count} == 6</arg>
<arg>Click Element</arg>
<arg>class=checkout_button</arg>
</arguments>
<status status="PASS" starttime="20210120 21:50:52.047" endtime="20210120 21:50:52.047"></status>
</kw>
<kw name="Wait Until Element Is Visible" library="SeleniumLibrary">
<doc>Waits until the element ``locator`` is visible.</doc>
<arguments>
<arg>tag=form</arg>
</arguments>
<kw name="Capture Page Screenshot" library="SeleniumLibrary">
<doc>Takes a screenshot of the current page and embeds it into a log file.</doc>
<msg timestamp="20210120 21:50:57.260" level="INFO" html="yes">&lt;/td&gt;&lt;/tr&gt;&lt;tr&gt;&lt;td colspan="3"&gt;&lt;a href="selenium-screenshot-11.png"&gt;&lt;img src="selenium-screenshot-11.png" width="800px"&gt;&lt;/a&gt;</msg>
<status status="PASS" starttime="20210120 21:50:57.205" endtime="20210120 21:50:57.260"></status>
</kw>
<msg timestamp="20210120 21:50:57.267" level="FAIL">Element 'tag=form' not visible after 5 seconds.</msg>
<status status="FAIL" starttime="20210120 21:50:52.047" endtime="20210120 21:50:57.267"></status>
</kw>
<doc>Test Vérification élements</doc>
<status status="FAIL" starttime="20210120 21:50:52.043" endtime="20210120 21:50:57.268" critical="yes">Element 'tag=form' not visible after 5 seconds.</status>
</test>
<doc>Execices d'introduction</doc>
<status status="FAIL" starttime="20210120 21:50:44.623" endtime="20210120 21:50:57.269"></status>
</suite>
<statistics>
<total>
<stat pass="3" fail="1">Critical Tests</stat>
<stat pass="3" fail="1">All Tests</stat>
</total>
<tag>
</tag>
<suite>
<stat pass="3" fail="1" id="s1" name="Exercice Problem User">Exercice Problem User</stat>
</suite>
</statistics>
<errors>
</errors>
</robot>
